2022-11-14 01:58:59.684 [info] Validating found git in: git
2022-11-14 01:58:59.684 [info] Using git 2.34.1 from git
2022-11-14 01:58:59.684 [info] > git rev-parse --show-toplevel [40ms]
2022-11-14 01:58:59.684 [info] fatal: not a git repository (or any parent up to mount point /)
Stopping at filesystem boundary (GIT_DISCOVERY_ACROSS_FILESYSTEM not set).
2022-11-14 01:58:59.685 [info] > git rev-parse --show-toplevel [2ms]
2022-11-14 01:58:59.685 [info] fatal: not a git repository (or any parent up to mount point /)
Stopping at filesystem boundary (GIT_DISCOVERY_ACROSS_FILESYSTEM not set).
2022-11-14 01:58:59.685 [info] > git rev-parse --show-toplevel [2ms]
2022-11-14 01:58:59.685 [info] fatal: not a git repository (or any parent up to mount point /)
Stopping at filesystem boundary (GIT_DISCOVERY_ACROSS_FILESYSTEM not set).
2022-11-14 01:58:59.685 [info] > git rev-parse --show-toplevel [11ms]
2022-11-14 01:58:59.685 [info] fatal: not a git repository (or any parent up to mount point /)
Stopping at filesystem boundary (GIT_DISCOVERY_ACROSS_FILESYSTEM not set).
2022-11-14 01:58:59.685 [info] > git rev-parse --show-toplevel [8ms]
2022-11-14 01:58:59.685 [info] fatal: not a git repository (or any parent up to mount point /)
Stopping at filesystem boundary (GIT_DISCOVERY_ACROSS_FILESYSTEM not set).
2022-11-14 01:58:59.685 [info] > git rev-parse --show-toplevel [2ms]
2022-11-14 01:58:59.685 [info] fatal: not a git repository (or any parent up to mount point /)
Stopping at filesystem boundary (GIT_DISCOVERY_ACROSS_FILESYSTEM not set).
2022-11-14 01:58:59.685 [info] > git rev-parse --show-toplevel [35ms]
2022-11-14 01:58:59.685 [info] fatal: not a git repository (or any parent up to mount point /)
Stopping at filesystem boundary (GIT_DISCOVERY_ACROSS_FILESYSTEM not set).
2022-11-14 01:58:59.685 [info] > git rev-parse --show-toplevel [28ms]
2022-11-14 01:58:59.685 [info] fatal: not a git repository (or any parent up to mount point /)
Stopping at filesystem boundary (GIT_DISCOVERY_ACROSS_FILESYSTEM not set).
2022-11-14 01:58:59.685 [info] > git rev-parse --show-toplevel [3ms]
2022-11-14 01:58:59.685 [info] fatal: not a git repository (or any parent up to mount point /)
Stopping at filesystem boundary (GIT_DISCOVERY_ACROSS_FILESYSTEM not set).
2022-11-14 01:58:59.685 [info] > git rev-parse --show-toplevel [65ms]
2022-11-14 01:58:59.685 [info] fatal: not a git repository (or any parent up to mount point /)
Stopping at filesystem boundary (GIT_DISCOVERY_ACROSS_FILESYSTEM not set).
