2022-11-13 19:50:09.011 [info] Validating found git in: git
2022-11-13 19:50:09.011 [info] Using git 2.34.1 from git
2022-11-13 19:50:09.011 [info] > git rev-parse --show-toplevel [51ms]
2022-11-13 19:50:09.011 [info] fatal: not a git repository (or any parent up to mount point /)
Stopping at filesystem boundary (GIT_DISCOVERY_ACROSS_FILESYSTEM not set).
2022-11-13 19:50:09.011 [info] > git rev-parse --show-toplevel [9ms]
2022-11-13 19:50:09.011 [info] fatal: not a git repository (or any parent up to mount point /)
Stopping at filesystem boundary (GIT_DISCOVERY_ACROSS_FILESYSTEM not set).
2022-11-13 19:50:09.011 [info] > git rev-parse --show-toplevel [3ms]
2022-11-13 19:50:09.011 [info] fatal: not a git repository (or any parent up to mount point /)
Stopping at filesystem boundary (GIT_DISCOVERY_ACROSS_FILESYSTEM not set).
2022-11-13 19:50:09.011 [info] > git rev-parse --show-toplevel [2ms]
2022-11-13 19:50:09.011 [info] fatal: not a git repository (or any parent up to mount point /)
Stopping at filesystem boundary (GIT_DISCOVERY_ACROSS_FILESYSTEM not set).
2022-11-13 19:50:09.011 [info] > git rev-parse --show-toplevel [38ms]
2022-11-13 19:50:09.011 [info] fatal: not a git repository (or any parent up to mount point /)
Stopping at filesystem boundary (GIT_DISCOVERY_ACROSS_FILESYSTEM not set).
2022-11-13 19:50:09.012 [info] > git rev-parse --show-toplevel [25ms]
2022-11-13 19:50:09.012 [info] fatal: not a git repository (or any parent up to mount point /)
Stopping at filesystem boundary (GIT_DISCOVERY_ACROSS_FILESYSTEM not set).
2022-11-13 19:50:09.012 [info] > git rev-parse --show-toplevel [2ms]
2022-11-13 19:50:09.012 [info] fatal: not a git repository (or any parent up to mount point /)
Stopping at filesystem boundary (GIT_DISCOVERY_ACROSS_FILESYSTEM not set).
2022-11-13 19:50:09.012 [info] > git rev-parse --show-toplevel [2ms]
2022-11-13 19:50:09.012 [info] fatal: not a git repository (or any parent up to mount point /)
Stopping at filesystem boundary (GIT_DISCOVERY_ACROSS_FILESYSTEM not set).
2022-11-13 19:50:09.012 [info] > git rev-parse --show-toplevel [6ms]
2022-11-13 19:50:09.012 [info] fatal: not a git repository (or any parent up to mount point /)
Stopping at filesystem boundary (GIT_DISCOVERY_ACROSS_FILESYSTEM not set).
2022-11-13 19:50:09.012 [info] > git rev-parse --show-toplevel [3ms]
2022-11-13 19:50:09.012 [info] fatal: not a git repository (or any parent up to mount point /)
Stopping at filesystem boundary (GIT_DISCOVERY_ACROSS_FILESYSTEM not set).
2022-11-13 19:50:09.012 [info] > git rev-parse --show-toplevel [5ms]
2022-11-13 19:50:09.012 [info] fatal: not a git repository (or any parent up to mount point /)
Stopping at filesystem boundary (GIT_DISCOVERY_ACROSS_FILESYSTEM not set).
