2022-11-30 13:35:47.114 [info] Validating found git in: git
2022-11-30 13:35:47.114 [info] Using git 2.34.1 from git
2022-11-30 13:35:47.114 [info] > git rev-parse --show-toplevel [41ms]
2022-11-30 13:35:47.114 [info] fatal: not a git repository (or any parent up to mount point /)
Stopping at filesystem boundary (GIT_DISCOVERY_ACROSS_FILESYSTEM not set).
2022-11-30 13:35:47.114 [info] > git rev-parse --show-toplevel [2ms]
2022-11-30 13:35:47.114 [info] fatal: not a git repository (or any parent up to mount point /)
Stopping at filesystem boundary (GIT_DISCOVERY_ACROSS_FILESYSTEM not set).
2022-11-30 13:35:47.114 [info] > git rev-parse --show-toplevel [2ms]
2022-11-30 13:35:47.114 [info] fatal: not a git repository (or any parent up to mount point /)
Stopping at filesystem boundary (GIT_DISCOVERY_ACROSS_FILESYSTEM not set).
2022-11-30 13:35:47.114 [info] > git rev-parse --show-toplevel [1ms]
2022-11-30 13:35:47.114 [info] fatal: not a git repository (or any parent up to mount point /)
Stopping at filesystem boundary (GIT_DISCOVERY_ACROSS_FILESYSTEM not set).
2022-11-30 13:35:47.114 [info] > git rev-parse --show-toplevel [1ms]
2022-11-30 13:35:47.114 [info] fatal: not a git repository (or any parent up to mount point /)
Stopping at filesystem boundary (GIT_DISCOVERY_ACROSS_FILESYSTEM not set).
2022-11-30 13:35:47.114 [info] > git rev-parse --show-toplevel [2ms]
2022-11-30 13:35:47.114 [info] fatal: detected dubious ownership in repository at '/home/plm7912/data'
To add an exception for this directory, call:

	git config --global --add safe.directory /home/plm7912/data
2022-11-30 13:35:47.114 [info] > git rev-parse --show-toplevel [3ms]
2022-11-30 13:35:47.114 [info] fatal: not a git repository (or any parent up to mount point /)
Stopping at filesystem boundary (GIT_DISCOVERY_ACROSS_FILESYSTEM not set).
2022-11-30 13:35:47.114 [info] > git rev-parse --show-toplevel [4ms]
2022-11-30 13:35:47.114 [info] fatal: not a git repository (or any parent up to mount point /)
Stopping at filesystem boundary (GIT_DISCOVERY_ACROSS_FILESYSTEM not set).
2022-11-30 13:35:47.115 [info] > git rev-parse --show-toplevel [2ms]
2022-11-30 13:35:47.115 [info] fatal: not a git repository (or any parent up to mount point /)
Stopping at filesystem boundary (GIT_DISCOVERY_ACROSS_FILESYSTEM not set).
2022-11-30 13:35:47.115 [info] > git rev-parse --show-toplevel [42ms]
2022-11-30 13:35:47.115 [info] fatal: not a git repository (or any parent up to mount point /)
Stopping at filesystem boundary (GIT_DISCOVERY_ACROSS_FILESYSTEM not set).
