2022-11-29 12:40:53.790 [info] Validating found git in: git
2022-11-29 12:40:53.790 [info] Using git 2.34.1 from git
2022-11-29 12:40:53.790 [info] > git rev-parse --show-toplevel [40ms]
2022-11-29 12:40:53.790 [info] fatal: not a git repository (or any parent up to mount point /)
Stopping at filesystem boundary (GIT_DISCOVERY_ACROSS_FILESYSTEM not set).
2022-11-29 12:40:53.790 [info] > git rev-parse --show-toplevel [2ms]
2022-11-29 12:40:53.790 [info] fatal: not a git repository (or any parent up to mount point /)
Stopping at filesystem boundary (GIT_DISCOVERY_ACROSS_FILESYSTEM not set).
2022-11-29 12:40:53.790 [info] > git rev-parse --show-toplevel [3ms]
2022-11-29 12:40:53.790 [info] fatal: not a git repository (or any parent up to mount point /)
Stopping at filesystem boundary (GIT_DISCOVERY_ACROSS_FILESYSTEM not set).
2022-11-29 12:40:53.790 [info] > git rev-parse --show-toplevel [31ms]
2022-11-29 12:40:53.790 [info] fatal: not a git repository (or any parent up to mount point /)
Stopping at filesystem boundary (GIT_DISCOVERY_ACROSS_FILESYSTEM not set).
2022-11-29 12:40:53.790 [info] > git rev-parse --show-toplevel [2ms]
2022-11-29 12:40:53.790 [info] fatal: not a git repository (or any parent up to mount point /)
Stopping at filesystem boundary (GIT_DISCOVERY_ACROSS_FILESYSTEM not set).
2022-11-29 12:40:53.790 [info] > git rev-parse --show-toplevel [1ms]
2022-11-29 12:40:53.790 [info] fatal: detected dubious ownership in repository at '/home/plm7912/data'
To add an exception for this directory, call:

	git config --global --add safe.directory /home/plm7912/data
2022-11-29 12:40:53.790 [info] > git rev-parse --show-toplevel [1ms]
2022-11-29 12:40:53.791 [info] fatal: not a git repository (or any parent up to mount point /)
Stopping at filesystem boundary (GIT_DISCOVERY_ACROSS_FILESYSTEM not set).
2022-11-29 12:40:53.791 [info] > git rev-parse --show-toplevel [7ms]
2022-11-29 12:40:53.791 [info] fatal: not a git repository (or any parent up to mount point /)
Stopping at filesystem boundary (GIT_DISCOVERY_ACROSS_FILESYSTEM not set).
2022-11-29 12:40:53.791 [info] > git rev-parse --show-toplevel [8ms]
2022-11-29 12:40:53.791 [info] fatal: not a git repository (or any parent up to mount point /)
Stopping at filesystem boundary (GIT_DISCOVERY_ACROSS_FILESYSTEM not set).
2022-11-29 12:40:53.791 [info] > git rev-parse --show-toplevel [2ms]
2022-11-29 12:40:53.791 [info] fatal: not a git repository (or any parent up to mount point /)
Stopping at filesystem boundary (GIT_DISCOVERY_ACROSS_FILESYSTEM not set).
2022-11-29 12:41:07.343 [info] > git rev-parse --show-toplevel [2ms]
2022-11-29 12:41:07.343 [info] fatal: detected dubious ownership in repository at '/home/plm7912/data'
To add an exception for this directory, call:

	git config --global --add safe.directory /home/plm7912/data
2022-11-29 12:50:22.424 [info] > git rev-parse --show-toplevel [2ms]
2022-11-29 12:50:22.424 [info] fatal: not a git repository (or any parent up to mount point /)
Stopping at filesystem boundary (GIT_DISCOVERY_ACROSS_FILESYSTEM not set).
2022-11-29 12:50:25.059 [info] > git rev-parse --show-toplevel [1ms]
2022-11-29 12:50:25.059 [info] fatal: not a git repository (or any parent up to mount point /)
Stopping at filesystem boundary (GIT_DISCOVERY_ACROSS_FILESYSTEM not set).
